0 info it worked if it ends with ok
1 verbose cli [ '/usr/local/Cellar/node/5.4.0/bin/node',
1 verbose cli   '/usr/local/bin/npm',
1 verbose cli   'run',
1 verbose cli   'dev' ]
2 info using npm@3.5.3
3 info using node@v5.4.0
4 verbose run-script [ 'predev', 'dev', 'postdev' ]
5 info lifecycle sberbank.contest@0.0.1~predev: sberbank.contest@0.0.1
6 silly lifecycle sberbank.contest@0.0.1~predev: no script for predev, continuing
7 info lifecycle sberbank.contest@0.0.1~dev: sberbank.contest@0.0.1
8 verbose lifecycle sberbank.contest@0.0.1~dev: unsafe-perm in lifecycle true
9 verbose lifecycle sberbank.contest@0.0.1~dev: PATH: /usr/local/lib/node_modules/npm/bin/node-gyp-bin:/Users/mishapanyushkin/Documents/labs/sberbank-contest/web/node_modules/.bin:/usr/local/bin:/usr/bin:/bin:/usr/sbin:/sbin:/opt/X11/bin:/usr/local/go/bin:/Users/mishapanyushkin/gowork:/Users/mishapanyushkin/gowork/bin:/Users/mishapanyushkin/Library/Android/sdk/tools:/Users/mishapanyushkin/Library/Android/sdk/platform-tools
10 verbose lifecycle sberbank.contest@0.0.1~dev: CWD: /Users/mishapanyushkin/Documents/labs/sberbank-contest/web
11 silly lifecycle sberbank.contest@0.0.1~dev: Args: [ '-c', './bin/dev.sh' ]
12 silly lifecycle sberbank.contest@0.0.1~dev: Returned: code: 134  signal: null
13 info lifecycle sberbank.contest@0.0.1~dev: Failed to exec dev script
14 verbose stack Error: sberbank.contest@0.0.1 dev: `./bin/dev.sh`
14 verbose stack Exit status 134
14 verbose stack     at EventEmitter.<anonymous> (/usr/local/lib/node_modules/npm/lib/utils/lifecycle.js:232:16)
14 verbose stack     at emitTwo (events.js:87:13)
14 verbose stack     at EventEmitter.emit (events.js:172:7)
14 verbose stack     at ChildProcess.<anonymous> (/usr/local/lib/node_modules/npm/lib/utils/spawn.js:24:14)
14 verbose stack     at emitTwo (events.js:87:13)
14 verbose stack     at ChildProcess.emit (events.js:172:7)
14 verbose stack     at maybeClose (internal/child_process.js:821:16)
14 verbose stack     at Process.ChildProcess._handle.onexit (internal/child_process.js:211:5)
15 verbose pkgid sberbank.contest@0.0.1
16 verbose cwd /Users/mishapanyushkin/Documents/labs/sberbank-contest/web
17 error Darwin 15.6.0
18 error argv "/usr/local/Cellar/node/5.4.0/bin/node" "/usr/local/bin/npm" "run" "dev"
19 error node v5.4.0
20 error npm  v3.5.3
21 error code ELIFECYCLE
22 error sberbank.contest@0.0.1 dev: `./bin/dev.sh`
22 error Exit status 134
23 error Failed at the sberbank.contest@0.0.1 dev script './bin/dev.sh'.
23 error Make sure you have the latest version of node.js and npm installed.
23 error If you do, this is most likely a problem with the sberbank.contest package,
23 error not with npm itself.
23 error Tell the author that this fails on your system:
23 error     ./bin/dev.sh
23 error You can get information on how to open an issue for this project with:
23 error     npm bugs sberbank.contest
23 error Or if that isn't available, you can get their info via:
23 error     npm owner ls sberbank.contest
23 error There is likely additional logging output above.
24 verbose exit [ 1, true ]
